Wed Oct 16 08:05:01 IST 2024 StartDateTime

NO LONG RUNNING PROCESS FOUND TO BE KILL
--------------
DELETE FROM DAILY_SUMMARY WHERE EVENT_DATE >= SUBDATE(CURDATE(),5)
--------------

Query OK, 661 rows affected (0.00 sec)

Bye
--------------
DELETE FROM DAILY_SUMMARY WHERE EVENT_DATE >= SUBDATE(CURDATE(),5)
--------------

Query OK, 197 rows affected (0.03 sec)

Bye
:::::::::::::::::::END DELETE DAILY_SUMMARY::::::::::::::::::
INFOBIP DAILY_SUMMARY DATE_20241011
--------------
INSERT INTO DAILY_SUMMARY (EVENT_DATE,USER_NAME,SUBMITION,DELIVERED,FAILED,PLATFORM)
SELECT EVENT_DATE,UPPER(IFNULL(NULLIF(CHILD_USER_NAME,''),'NEXGCP1')) AS USER_NAME,SUM(TOTAL_PART_OF_SMS) AS SUBMITION,
SUM(CASE WHEN CRM_ID='5' THEN TOTAL_PART_OF_SMS ELSE 0 END) AS DELIVERED,
SUM(CASE WHEN CRM_ID!='5' THEN TOTAL_PART_OF_SMS ELSE 0 END) AS FAILED,'INFOBIP' AS PLATFORM
FROM INFOBIP_CDRS PARTITION(DATE_20241011) GROUP BY 1,2
--------------

Query OK, 119 rows affected (1 min 10.55 sec)
Records: 119  Duplicates: 0  Warnings: 0

--------------
INSERT INTO DAILY_SUMMARY (EVENT_DATE,USER_NAME,SUBMITION,DELIVERED,FAILED,PLATFORM)
SELECT EVENT_DATE,UPPER(CHILD_USER_NAME) AS USER_NAME,SUM(PARTS) AS SUBMITION,
SUM(CASE WHEN DESCRIPTION='DELIVRD' THEN PARTS ELSE 0 END) AS DELIVERED,
SUM(CASE WHEN DESCRIPTION!='DELIVRD' THEN PARTS ELSE 0 END) AS FAILED,'NEXG' AS PLATFORM
FROM NEXG_CDRS PARTITION(DATE_20241011) GROUP BY 1,2
--------------

Query OK, 51 rows affected (46.16 sec)
Records: 51  Duplicates: 0  Warnings: 0

Bye
INFOBIP DAILY_SUMMARY DATE_20241012
--------------
INSERT INTO DAILY_SUMMARY (EVENT_DATE,USER_NAME,SUBMITION,DELIVERED,FAILED,PLATFORM)
SELECT EVENT_DATE,UPPER(IFNULL(NULLIF(CHILD_USER_NAME,''),'NEXGCP1')) AS USER_NAME,SUM(TOTAL_PART_OF_SMS) AS SUBMITION,
SUM(CASE WHEN CRM_ID='5' THEN TOTAL_PART_OF_SMS ELSE 0 END) AS DELIVERED,
SUM(CASE WHEN CRM_ID!='5' THEN TOTAL_PART_OF_SMS ELSE 0 END) AS FAILED,'INFOBIP' AS PLATFORM
FROM INFOBIP_CDRS PARTITION(DATE_20241012) GROUP BY 1,2
--------------

Query OK, 115 rows affected (47.47 sec)
Records: 115  Duplicates: 0  Warnings: 0

--------------
INSERT INTO DAILY_SUMMARY (EVENT_DATE,USER_NAME,SUBMITION,DELIVERED,FAILED,PLATFORM)
SELECT EVENT_DATE,UPPER(CHILD_USER_NAME) AS USER_NAME,SUM(PARTS) AS SUBMITION,
SUM(CASE WHEN DESCRIPTION='DELIVRD' THEN PARTS ELSE 0 END) AS DELIVERED,
SUM(CASE WHEN DESCRIPTION!='DELIVRD' THEN PARTS ELSE 0 END) AS FAILED,'NEXG' AS PLATFORM
FROM NEXG_CDRS PARTITION(DATE_20241012) GROUP BY 1,2
--------------

Query OK, 47 rows affected (1 min 13.12 sec)
Records: 47  Duplicates: 0  Warnings: 0

Bye
INFOBIP DAILY_SUMMARY DATE_20241013
--------------
INSERT INTO DAILY_SUMMARY (EVENT_DATE,USER_NAME,SUBMITION,DELIVERED,FAILED,PLATFORM)
SELECT EVENT_DATE,UPPER(IFNULL(NULLIF(CHILD_USER_NAME,''),'NEXGCP1')) AS USER_NAME,SUM(TOTAL_PART_OF_SMS) AS SUBMITION,
SUM(CASE WHEN CRM_ID='5' THEN TOTAL_PART_OF_SMS ELSE 0 END) AS DELIVERED,
SUM(CASE WHEN CRM_ID!='5' THEN TOTAL_PART_OF_SMS ELSE 0 END) AS FAILED,'INFOBIP' AS PLATFORM
FROM INFOBIP_CDRS PARTITION(DATE_20241013) GROUP BY 1,2
--------------

Query OK, 109 rows affected (34.79 sec)
Records: 109  Duplicates: 0  Warnings: 0

--------------
INSERT INTO DAILY_SUMMARY (EVENT_DATE,USER_NAME,SUBMITION,DELIVERED,FAILED,PLATFORM)
SELECT EVENT_DATE,UPPER(CHILD_USER_NAME) AS USER_NAME,SUM(PARTS) AS SUBMITION,
SUM(CASE WHEN DESCRIPTION='DELIVRD' THEN PARTS ELSE 0 END) AS DELIVERED,
SUM(CASE WHEN DESCRIPTION!='DELIVRD' THEN PARTS ELSE 0 END) AS FAILED,'NEXG' AS PLATFORM
FROM NEXG_CDRS PARTITION(DATE_20241013) GROUP BY 1,2
--------------

Query OK, 45 rows affected (37.70 sec)
Records: 45  Duplicates: 0  Warnings: 0

Bye
INFOBIP DAILY_SUMMARY DATE_20241014
--------------
INSERT INTO DAILY_SUMMARY (EVENT_DATE,USER_NAME,SUBMITION,DELIVERED,FAILED,PLATFORM)
SELECT EVENT_DATE,UPPER(IFNULL(NULLIF(CHILD_USER_NAME,''),'NEXGCP1')) AS USER_NAME,SUM(TOTAL_PART_OF_SMS) AS SUBMITION,
SUM(CASE WHEN CRM_ID='5' THEN TOTAL_PART_OF_SMS ELSE 0 END) AS DELIVERED,
SUM(CASE WHEN CRM_ID!='5' THEN TOTAL_PART_OF_SMS ELSE 0 END) AS FAILED,'INFOBIP' AS PLATFORM
FROM INFOBIP_CDRS PARTITION(DATE_20241014) GROUP BY 1,2
--------------

Query OK, 121 rows affected (39.99 sec)
Records: 121  Duplicates: 0  Warnings: 0

--------------
INSERT INTO DAILY_SUMMARY (EVENT_DATE,USER_NAME,SUBMITION,DELIVERED,FAILED,PLATFORM)
SELECT EVENT_DATE,UPPER(CHILD_USER_NAME) AS USER_NAME,SUM(PARTS) AS SUBMITION,
SUM(CASE WHEN DESCRIPTION='DELIVRD' THEN PARTS ELSE 0 END) AS DELIVERED,
SUM(CASE WHEN DESCRIPTION!='DELIVRD' THEN PARTS ELSE 0 END) AS FAILED,'NEXG' AS PLATFORM
FROM NEXG_CDRS PARTITION(DATE_20241014) GROUP BY 1,2
--------------

Query OK, 54 rows affected (41.02 sec)
Records: 54  Duplicates: 0  Warnings: 0

Bye
INFOBIP DAILY_SUMMARY DATE_20241015
--------------
INSERT INTO DAILY_SUMMARY (EVENT_DATE,USER_NAME,SUBMITION,DELIVERED,FAILED,PLATFORM)
SELECT EVENT_DATE,UPPER(IFNULL(NULLIF(CHILD_USER_NAME,''),'NEXGCP1')) AS USER_NAME,SUM(TOTAL_PART_OF_SMS) AS SUBMITION,
SUM(CASE WHEN CRM_ID='5' THEN TOTAL_PART_OF_SMS ELSE 0 END) AS DELIVERED,
SUM(CASE WHEN CRM_ID!='5' THEN TOTAL_PART_OF_SMS ELSE 0 END) AS FAILED,'INFOBIP' AS PLATFORM
FROM INFOBIP_CDRS PARTITION(DATE_20241015) GROUP BY 1,2
--------------

Query OK, 125 rows affected (35.33 sec)
Records: 125  Duplicates: 0  Warnings: 0

--------------
INSERT INTO DAILY_SUMMARY (EVENT_DATE,USER_NAME,SUBMITION,DELIVERED,FAILED,PLATFORM)
SELECT EVENT_DATE,UPPER(CHILD_USER_NAME) AS USER_NAME,SUM(PARTS) AS SUBMITION,
SUM(CASE WHEN DESCRIPTION='DELIVRD' THEN PARTS ELSE 0 END) AS DELIVERED,
SUM(CASE WHEN DESCRIPTION!='DELIVRD' THEN PARTS ELSE 0 END) AS FAILED,'NEXG' AS PLATFORM
FROM NEXG_CDRS PARTITION(DATE_20241015) GROUP BY 1,2
--------------

Query OK, 52 rows affected (55.70 sec)
Records: 52  Duplicates: 0  Warnings: 0

Bye
:::::::::::::::::::END DAILY_SUMMARY::::::::::::::::::
--------------
UPDATE RATE_SLAB C,(SELECT CUSTOMER_CODE,CASE WHEN A.USER_NAME LIKE '%PSU%' THEN 'PSU' ELSE SERVICE_TYPE_NEW END AS SERVICE_TYPE_NEW,
SUM(SUBMITION) AS SUBMITION,SUM(DELIVERED) AS DELIVERED FROM (SELECT DISTINCT CUSTOMER_CODE,USER_NAME,SERVICE_TYPE,
CASE WHEN SERVICE_TYPE='Government' THEN 'GOVT' ELSE 'NORMAL' END AS SERVICE_TYPE_NEW
FROM nexg_hunt.CRM_RATE_MST) A, sms_cdrs.DAILY_SUMMARY PARTITION(MONTH_202410) B
WHERE A.USER_NAME=B.USER_NAME GROUP BY 1,2) D
SET C.SUBMITION=D.SUBMITION,C.DELIVERED=D.DELIVERED WHERE C.CUSTOMER_CODE=D.CUSTOMER_CODE AND C.TYPE=D.SERVICE_TYPE_NEW
--------------

Query OK, 19 rows affected (0.02 sec)
Rows matched: 19  Changed: 19  Warnings: 0

--------------
UPDATE SUBSCRIPTION_MST A, RATE_SLAB B 
SET A.CUSTOMER_BASE_RATE=B.CUSTOMER_BASE_RATE,A.DLT_RATE=B.DLT_RATE
WHERE A.CUSTOMER_CODE=B.CUSTOMER_CODE AND B.SLAB=0 AND
(CASE WHEN A.USER_NAME LIKE '%PSU%' THEN 'PSU' ELSE (CASE WHEN A.SERVICE_TYPE='Government' THEN 'GOVT' ELSE 'NORMAL' END) END)=B.TYPE
--------------

Query OK, 4 rows affected (0.00 sec)
Rows matched: 37  Changed: 4  Warnings: 0

--------------
UPDATE SUBSCRIPTION_MST A,
(SELECT * FROM RATE_SLAB WHERE ID IN(SELECT ID FROM (SELECT CUSTOMER_CODE,MAX(ID) AS ID,MAX(CASE WHEN DLT_RATE=0 THEN DELIVERED ELSE SUBMITION END) AS CNT,MAX(SLAB)
FROM RATE_SLAB WHERE SLAB!=0 AND (CASE WHEN DLT_RATE=0 THEN DELIVERED ELSE SUBMITION END) >=SLAB AND DATE(INSERT_DATE) <=SUBDATE(CURRENT_DATE(),0)
GROUP BY 1) A)) B SET A.CUSTOMER_BASE_RATE=B.CUSTOMER_BASE_RATE,A.DLT_RATE=B.DLT_RATE WHERE A.CUSTOMER_CODE=B.CUSTOMER_CODE AND
(CASE WHEN A.USER_NAME LIKE '%PSU%' THEN 'PSU' ELSE (CASE WHEN A.SERVICE_TYPE='Government' THEN 'GOVT' ELSE 'NORMAL' END) END)=B.TYPE
--------------

Query OK, 0 rows affected (0.00 sec)
Rows matched: 0  Changed: 0  Warnings: 0

Bye
:::::::::::::::::::END Slab rate::::::::::::::::::
Wed Oct 16 08:13:04 IST 2024 StartDateTime

NO LONG RUNNING PROCESS FOUND TO BE KILL
ajay.chauhan ::::ajay.chauhan@nexgplatforms.com
Mail Sent start Successfully..... 
SMS TRAFFIC MONTH TILL DATE 15-Oct-24
Mail Sent end Successfully..... 
ashish.gupta ::::ashish.gupta@nexgplatforms.com
Mail Sent start Successfully..... 
SMS TRAFFIC MONTH TILL DATE 15-Oct-24
Mail Sent end Successfully..... 
baljeet.singh ::::baljeet.singh@nexgplatforms.com
Mail Sent start Successfully..... 
SMS TRAFFIC MONTH TILL DATE 15-Oct-24
Mail Sent end Successfully..... 
csdsupport ::::csdsupport@nexgplatforms.com
Mail Sent start Successfully..... 
SMS TRAFFIC MONTH TILL DATE 15-Oct-24
Mail Sent end Successfully..... 
harbans.singh ::::harbans.singh@nexgplatforms.com
awk: cmd. line:1: (FILENAME=- FNR=1) fatal: division by zero attempted
Mail Sent start Successfully..... 
SMS TRAFFIC MONTH TILL DATE 15-Oct-24
Mail Sent end Successfully..... 
kshitij.sharma ::::kshitij.sharma@nexgplatforms.com
awk: cmd. line:1: (FILENAME=- FNR=1) fatal: division by zero attempted
Mail Sent start Successfully..... 
SMS TRAFFIC MONTH TILL DATE 15-Oct-24
Mail Sent end Successfully..... 
kunal.rana ::::kunal.rana@nexgplatforms.com
Mail Sent start Successfully..... 
SMS TRAFFIC MONTH TILL DATE 15-Oct-24
Mail Sent end Successfully..... 
rajesh.dwivedi ::::rajesh.dwivedi@nexgplatforms.com
Mail Sent start Successfully..... 
SMS TRAFFIC MONTH TILL DATE 15-Oct-24
Mail Sent end Successfully..... 
satheesh.kumar ::::satheesh.kumar@nexgplatforms.com
Mail Sent start Successfully..... 
SMS TRAFFIC MONTH TILL DATE 15-Oct-24
Mail Sent end Successfully..... 
sushant.khaware ::::sushant.khaware@nexgplatforms.com
Mail Sent start Successfully..... 
SMS TRAFFIC MONTH TILL DATE 15-Oct-24
Mail Sent end Successfully..... 
varun.agrawal ::::varun.agrawal@nexgplatforms.com
awk: cmd. line:1: (FILENAME=- FNR=1) fatal: division by zero attempted
Mail Sent start Successfully..... 
SMS TRAFFIC MONTH TILL DATE 15-Oct-24
Mail Sent end Successfully..... 
yogesh.dusane ::::yogesh.dusane@nexgplatforms.com
Mail Sent start Successfully..... 
SMS TRAFFIC MONTH TILL DATE 15-Oct-24
Mail Sent end Successfully..... 
Mail Sent start Successfully..... 
SMS TRAFFIC MONTH TILL DATE 15-Oct-24
Mail Sent end Successfully..... 
Mail Sent start Successfully..... 
ACCOUNT MANAGER WISE SMS STATUS REPORT MTD 15-Oct-24
Mail Sent end Successfully..... 

Wed Oct 16 08:13:23 IST 2024 EndDateTime
19 Sec

:::::::::::::::::::END EMAILS account_manager::::::::::::::::::
Wed Oct 16 08:13:23 IST 2024 StartDateTime

NO LONG RUNNING PROCESS FOUND TO BE KILL
MONTH_202410
Mail Sent start Successfully..... 
STATUS WISE COUNT SUMMARY 15-Oct-24
Mail Sent end Successfully..... 
Mail Sent start Successfully..... 
sms_summary_Operator_wise_MTD 15-Oct-24
Mail Sent end Successfully..... 
Mail Sent start Successfully..... 
sms_summary_Platform_wise_MTD 15-Oct-24
Mail Sent end Successfully..... 

Wed Oct 16 08:13:34 IST 2024 EndDateTime
11 Sec

:::::::::::::::::::END EMAILS sms_summary::::::::::::::::::
Wed Oct 16 08:13:34 IST 2024 StartDateTime

NO LONG RUNNING PROCESS FOUND TO BE KILL
MONTH_202410
--------------
DELETE FROM CUSTOMER_BILLING WHERE BILLING_MONTH>='2024-10-01'
--------------

Query OK, 232 rows affected (0.00 sec)

--------------
INSERT INTO nexg_hunt.CUSTOMER_BILLING
SELECT A.*,IFNULL(ROUND((SMS_CHARGE + DLT_CHARGE),2),0) AS BILL_AMOUNT,IFNULL(ROUND((((SMS_CHARGE + DLT_CHARGE) * 18)/100),2),0) AS GST,
IFNULL(ROUND((SMS_CHARGE + DLT_CHARGE + (((SMS_CHARGE + DLT_CHARGE) * 18)/100)),2),0) AS BILLED_AMOUNT,NOW() AS INSERT_DATE FROM (
SELECT CONCAT(LEFT(EVENT_DATE,7),'-01') AS BILLING_MONTH,CUSTOMER_CODE,A.USER_NAME,CUSTOMER_NAME,EMPLOYEE_NAME AS ACCOUNT_MANAGER,
CUSTOMER_STATUS,CUSTOMER_TYPE_CODE,SERVICE_NAME,SERVICE_TYPE,CHARGE_TYPE,IFNULL(CUSTOMER_BASE_RATE,0) AS CUSTOMER_BASE_RATE,
IFNULL(DLT_RATE,0) AS DLT_RATE,CHARGERATEUNIT,IFNULL(SUM(SUBMITION),0) AS SUBMITED,IFNULL(SUM(DELIVERED),0) AS DELIVERED
,IFNULL(ROUND(SUM(CASE WHEN CHARGE_TYPE='OSUB' THEN SUBMITION WHEN CHARGE_TYPE='ODLV' THEN DELIVERED ELSE 0 END) * (CUSTOMER_BASE_RATE),2),0) AS SMS_CHARGE
,IFNULL(ROUND(SUM(SUBMITION) * (CASE WHEN SERVICE_TYPE='Government' THEN 0 ELSE DLT_RATE END),2),0)  AS DLT_CHARGE
FROM sms_cdrs.DAILY_SUMMARY PARTITION(MONTH_202410) A
LEFT JOIN (SELECT * FROM nexg_hunt.CRM_RATE_MST) B ON B.USER_NAME=A.USER_NAME
GROUP BY 1,2,3,4,5,6,7,8,9,10,11,12,13) A
--------------

Query OK, 238 rows affected (0.03 sec)
Records: 238  Duplicates: 0  Warnings: 0

--------------
INSERT INTO CUSTOMER_OUTSTANDING (CUSTOMER_CODE,UNBILLED_AMOUNT)
SELECT CUSTOMER_CODE,SUM(BILLED_AMOUNT) AS BILLED_AMOUNT FROM CUSTOMER_BILLING
WHERE BILLING_MONTH>='2024-10-01' AND CUSTOMER_TYPE_CODE='POST' AND CUSTOMER_CODE NOT IN (
SELECT CUSTOMER_CODE FROM CUSTOMER_OUTSTANDING)
GROUP BY 1
--------------

Query OK, 0 rows affected (0.01 sec)
Records: 0  Duplicates: 0  Warnings: 0

--------------
UPDATE CUSTOMER_OUTSTANDING SET UNBILLED_AMOUNT=0
--------------

Query OK, 54 rows affected (0.00 sec)
Rows matched: 104  Changed: 54  Warnings: 0

--------------
UPDATE CUSTOMER_OUTSTANDING A, (SELECT CUSTOMER_CODE,SUM(BILLED_AMOUNT) AS BILLED_AMOUNT FROM CUSTOMER_BILLING 
WHERE BILLING_MONTH>='2024-10-01' AND CUSTOMER_TYPE_CODE='POST'
GROUP BY 1) B SET A.UNBILLED_AMOUNT=B.BILLED_AMOUNT WHERE A.CUSTOMER_CODE=B.CUSTOMER_CODE
--------------

Query OK, 54 rows affected (0.00 sec)
Rows matched: 54  Changed: 54  Warnings: 0

Bye
Send mail

Wed Oct 16 08:13:35 IST 2024 EndDateTime
1 Sec

:::::::::::::::::::END EMAILS credit_limit::::::::::::::::::
Wed Oct 16 08:13:35 IST 2024 StartDateTime

NO LONG RUNNING PROCESS FOUND TO BE KILL
ajay.chauhan@nexgplatforms.com::::aniket.goyal@gmail.com::::THE_BASICS_DIGITAL_SOLUTIONS_PRIVATE_LIMITED
Mail Sent start Successfully..... 
Client Summary Report 15-Oct-24
Mail Sent end Successfully..... 
ajay.chauhan@nexgplatforms.com::::ashish@speqtrainnov.com::::SPEQTRA_INNOV
Mail Sent start Successfully..... 
Client Summary Report 15-Oct-24
Mail Sent end Successfully..... 
ajay.chauhan@nexgplatforms.com::::mail@mindsmiratus.com::::MINDSMIRATUS_TECHNOLOGIES_PVT_LTD
Mail Sent start Successfully..... 
Client Summary Report 15-Oct-24
Mail Sent end Successfully..... 
ajay.chauhan@nexgplatforms.com::::rashmi.mishra@cerfgs.com::::CERF_SOLUTIONS_PRIVATE_LIMITED
Mail Sent start Successfully..... 
Client Summary Report 15-Oct-24
Mail Sent end Successfully..... 
ajay.chauhan@nexgplatforms.com::::santosh@rpinfotech.in::::R_P_INFOTECH
Mail Sent start Successfully..... 
Client Summary Report 15-Oct-24
Mail Sent end Successfully..... 
ajay.chauhan@nexgplatforms.com::::sunanda@manthanitsolutions.in::::MANTHAN_IT_SOLUTIONS
Mail Sent start Successfully..... 
Client Summary Report 15-Oct-24
Mail Sent end Successfully..... 
ajay.chauhan@nexgplatforms.com::::textguru.in@gmail.com::::DOUBLEM_TECHNOLOGIES
Mail Sent start Successfully..... 
Client Summary Report 15-Oct-24
Mail Sent end Successfully..... 
ashish.gupta@nexgplatforms.com::::accounts@myinboxmedia.com::::MY_INBOX_MEDIA_PRIVATE_LIMITED
Mail Sent start Successfully..... 
Client Summary Report 15-Oct-24
Mail Sent end Successfully..... 
ashish.gupta@nexgplatforms.com::::accounts@sarv.com::::SARV_WEBS_PRIVATE_LIMITED
Mail Sent start Successfully..... 
Client Summary Report 15-Oct-24
Mail Sent end Successfully..... 
ashish.gupta@nexgplatforms.com::::imran@trustsignal.io::::TRUSTSIGNAL_VENTURES_PRIVATE_LIMITED
Mail Sent start Successfully..... 
Client Summary Report 15-Oct-24
Mail Sent end Successfully..... 
ashish.gupta@nexgplatforms.com::::imteyaz@azmarq.com::::AZMARQ_TECHNOVATION_PRIVATE_LIMITED
Mail Sent start Successfully..... 
Client Summary Report 15-Oct-24
Mail Sent end Successfully..... 
ashish.gupta@nexgplatforms.com::::indu.sachan@inboxmedia.in::::INBOX_MEDIA_PRIVATE_LIMITED
Mail Sent start Successfully..... 
Client Summary Report 15-Oct-24
Mail Sent end Successfully..... 
ashish.gupta@nexgplatforms.com::::nishant@inboxmedia.in::::INBOX_MEDIA_PRIVATE_LIMITED
Mail Sent start Successfully..... 
Client Summary Report 15-Oct-24
Mail Sent end Successfully..... 
ashish.gupta@nexgplatforms.com::::rajeev.mishra@mishtel.com::::MISHTEL_SERVICES_PRIVATE_LIMITED
Mail Sent start Successfully..... 
Client Summary Report 15-Oct-24
Mail Sent end Successfully..... 
ashish.gupta@nexgplatforms.com::::Siddharth@st-messaging.com::::SMART_TECH_MESSAGING_PRIVATE_LIMITED
Mail Sent start Successfully..... 
Client Summary Report 15-Oct-24
Mail Sent end Successfully..... 
ashish.gupta@nexgplatforms.com::::sitani@sitanigroup.com::::SITANI_GROUPS
Mail Sent start Successfully..... 
Client Summary Report 15-Oct-24
Mail Sent end Successfully..... 
console@msg91.com,baljeet.singh@nexgplatforms.com::::chinmay.daga@msg91.com::::WALKOVER_WEB_SOLUTIONS_PRIVATE_LIMITED
Mail Sent start Successfully..... 
Client Summary Report 15-Oct-24
Mail Sent end Successfully..... 
csdsupport@nexgplatforms.com::::sumit.kumar@nexgplatforms.com::::NEXG_PLATFORMS_PRIVATE_LIMITED
Mail Sent start Successfully..... 
Client Summary Report 15-Oct-24
Mail Sent end Successfully..... 
directors@infinitiodigital.com,yogesh.dusane@nexgplatforms.com::::support@infinitiodigital.com::::INFINITIO_DIGITAL_PRIVATE_LIMITED
Mail Sent start Successfully..... 
Client Summary Report 15-Oct-24
Mail Sent end Successfully..... 
kunal.rana@nexgplatforms.com::::anntelindia@gmail.com::::ANNTEL_INDIA
Mail Sent start Successfully..... 
Client Summary Report 15-Oct-24
Mail Sent end Successfully..... 
kunal.rana@nexgplatforms.com::::ashish@bluewavesmedia.in::::BLUE_WAVES_MEDIA
Mail Sent start Successfully..... 
Client Summary Report 15-Oct-24
Mail Sent end Successfully..... 
kunal.rana@nexgplatforms.com::::hiten@mobileadz.in::::MADZ_MOBILE_PRACHAR_PRIVATE_LIMITED
Mail Sent start Successfully..... 
Client Summary Report 15-Oct-24
Mail Sent end Successfully..... 
kunal.rana@nexgplatforms.com::::mayank@shreetripada.com::::SHREE_TRIPADA_INFOMEDIA_INDIA_PRIVATE_LIMITED
Mail Sent start Successfully..... 
Client Summary Report 15-Oct-24
Mail Sent end Successfully..... 
kunal.rana@nexgplatforms.com::::rahul.khattar@bics.com::::3M_DIGITAL_NETWORKS_PRIVATE_LIMITED
Mail Sent start Successfully..... 
Client Summary Report 15-Oct-24
Mail Sent end Successfully..... 
kunal.rana@nexgplatforms.com::::saketmishra01@gmail.com::::MIT_INFOCOM_(INDIA)_PRIVATE_LIMITED
Mail Sent start Successfully..... 
Client Summary Report 15-Oct-24
Mail Sent end Successfully..... 
kunal.rana@nexgplatforms.com::::sales1.asputility@gmail.com::::ASP_UTILITY
Mail Sent start Successfully..... 
Client Summary Report 15-Oct-24
Mail Sent end Successfully..... 
kunal.rana@nexgplatforms.com::::vatsal@arihantitsolutions.com::::ARIHANT_IT_SOLUTIONS
Mail Sent start Successfully..... 
Client Summary Report 15-Oct-24
Mail Sent end Successfully..... 
kunal.rana@nexgplatforms.com::::vinaydubey3rd.1994@gmail.com::::JUST_TRUE_SMS_DIGITAL_PRIVATE_LIMITED
Mail Sent start Successfully..... 
Client Summary Report 15-Oct-24
Mail Sent end Successfully..... 
kunal.rana@nexgplatforms.com::::wasim.immense@gmail.com::::IMMENSE_SMART_SOLUTIONS
Mail Sent start Successfully..... 
Client Summary Report 15-Oct-24
Mail Sent end Successfully..... 
rajesh.dwivedi@nexgplatforms.com::::anil@digialaya.com,support@digialaya.com::::DIGIALAYA_SOLUTIONS_PRIVATE_LIMITED
Mail Sent start Successfully..... 
Client Summary Report 15-Oct-24
Mail Sent end Successfully..... 
rajesh.dwivedi@nexgplatforms.com::::kunal.chavda@jioinsure.in,arpan.sarkar@jioinsure.in::::JIO_INSURANCE_BROKING_LIMITED
Mail Sent start Successfully..... 
Client Summary Report 15-Oct-24
Mail Sent end Successfully..... 
rajesh.dwivedi@nexgplatforms.com::::rmohini@pinnacleworks.net::::PINNACLEWORKS_INFOTECH_PRIVATE_LIMITED
Mail Sent start Successfully..... 
Client Summary Report 15-Oct-24
Mail Sent end Successfully..... 
rajesh.dwivedi@nexgplatforms.com::::sheetal.saraf@recqarz.com::::RECHT_TECH_PRIVATE_LIMITED
Mail Sent start Successfully..... 
Client Summary Report 15-Oct-24
Mail Sent end Successfully..... 
rajesh.dwivedi@nexgplatforms.com,_sumit.kumar1@pathkindlabs.com::::amit.kumar2@pathkindlabs.com,himanshu.ranjan@pathkindlabs.com,manish.pathak@pathkindlabs.com,abhishek.sharma@pathkindlabs.com::::PATHKIND_DIAGNOSTICS_PRIVATE_LIMITED
Mail Sent start Successfully..... 
Client Summary Report 15-Oct-24
Mail Sent end Successfully..... 
rashmi.mishra@cerfgs.com,purba.dey@cerfgs.com,ajay.chauhan@nexgplatforms.com::::akash.jha@cerfgs.com::::CERF_SOLUTIONS_PRIVATE_LIMITED
Mail Sent start Successfully..... 
Client Summary Report 15-Oct-24
Mail Sent end Successfully..... 
shad.azmi@nexgplatforms.com::::suchit@vspagy.com,ankit.vashishtha@vspagy.com::::MAPPS_TELE_SERVICES_PRIVATE_LIMITED
Mail Sent start Successfully..... 
Client Summary Report 15-Oct-24
Mail Sent end Successfully..... 
sushant.khaware@nexgplatforms.com,baljeet.singh@nexgplatforms.com::::sandeep@alotsolutions.com,abdul@alotsolutions.com::::ALOT_DIGITAL_SOLUTIONS_INDIA_PVT_LTD
Mail Sent start Successfully..... 
Client Summary Report 15-Oct-24
Mail Sent end Successfully..... 
sushant.khaware@nexgplatforms.com::::info@dialtext.com::::DIAL_TEXT
Mail Sent start Successfully..... 
Client Summary Report 15-Oct-24
Mail Sent end Successfully..... 
sushant.khaware@nexgplatforms.com::::info@kavediajewellers.com::::KAVEDIA_JEWELLERS_PRIVATE_LIMITED
Mail Sent start Successfully..... 
Client Summary Report 15-Oct-24
Mail Sent end Successfully..... 
yogesh.dusane@nexgplatforms.com::::broadside.support@merce.co::::MERCE_TECHNOLOGIES_PRIVATE_LIMITED
Mail Sent start Successfully..... 
Client Summary Report 15-Oct-24
Mail Sent end Successfully..... 
yogesh.dusane@nexgplatforms.com::::info@wordbox.in::::WORDBOX_SERVICES
Mail Sent start Successfully..... 
Client Summary Report 15-Oct-24
Mail Sent end Successfully..... 
yogesh.dusane@nexgplatforms.com::::jay@ssexpertsystem.com::::S_S_EXPERT_SYSTEM
Mail Sent start Successfully..... 
Client Summary Report 15-Oct-24
Mail Sent end Successfully..... 
yogesh.dusane@nexgplatforms.com::::manoj@wordbox.in::::WORDBOX_SERVICES
Mail Sent start Successfully..... 
Client Summary Report 15-Oct-24
Mail Sent end Successfully..... 
yogesh.dusane@nexgplatforms.com::::pillai@cell24x7.com::::CELL_24X7_MEDIA_TECHNOLOGIES_PRIVATE_LIMITED
Mail Sent start Successfully..... 
Client Summary Report 15-Oct-24
Mail Sent end Successfully..... 
yogesh.dusane@nexgplatforms.com::::prabir@100coins.co::::_ADITEK_SYSTEMS_PRIVATE_LIMITED_
Mail Sent start Successfully..... 
Client Summary Report 15-Oct-24
Mail Sent end Successfully..... 
yogesh.dusane@nexgplatforms.com::::praveen@technowizards.co.in::::TECHNOWIZARDS_PRIVATE_LIMITED
Mail Sent start Successfully..... 
Client Summary Report 15-Oct-24
Mail Sent end Successfully..... 
yogesh.dusane@nexgplatforms.com::::rajesh.salunkhe@sdctechnologies.co.in::::SHIV.COM_TECHNOLOGIES_NAVI_MUMBAI
Mail Sent start Successfully..... 
Client Summary Report 15-Oct-24
Mail Sent end Successfully..... 
yogesh.dusane@nexgplatforms.com::::ravindra@insigntechnology.com::::INSIGN_TECHNOLOGY_PRIVATE_LIMITED
Mail Sent start Successfully..... 
Client Summary Report 15-Oct-24
Mail Sent end Successfully..... 
yogesh.dusane@nexgplatforms.com::::sahil@kutility.com,prem@kutility.com::::K_UTILITY
Mail Sent start Successfully..... 
Client Summary Report 15-Oct-24
Mail Sent end Successfully..... 
yogesh.dusane@nexgplatforms.com::::sales@stmtechnologies.com::::STM_TECHNOLOGIES
Mail Sent start Successfully..... 
Client Summary Report 15-Oct-24
Mail Sent end Successfully..... 
yogesh.dusane@nexgplatforms.com::::sar.businesslead@gmail.com::::BUSINESS_LEAD
Mail Sent start Successfully..... 
Client Summary Report 15-Oct-24
Mail Sent end Successfully..... 
yogesh.dusane@nexgplatforms.com::::sundram@360marketing.net::::360_MARKETING_SERVICE_PRIVATE_LIMITED
Mail Sent start Successfully..... 
Client Summary Report 15-Oct-24
Mail Sent end Successfully..... 
yogesh.dusane@nexgplatforms.com\t::::finance@cell24x7.com::::CELL_24X7_MEDIA_TECHNOLOGIES_PRIVATE_LIMITED
Mail Sent start Successfully..... 
Client Summary Report 15-Oct-24
Mail Sent end Successfully..... 

Wed Oct 16 08:14:37 IST 2024 EndDateTime
62 Sec

BILLING_SUMMARY DATE_20241011
--------------
ALTER TABLE BILLING_SUMMARY TRUNCATE PARTITION DATE_20241011
--------------

Query OK, 0 rows affected (2.38 sec)

--------------
INSERT INTO BILLING_SUMMARY (EVENT_DATE,USER_NAME,CLI,OPERATOR,SMSC_ID,SUBMITION,DELIVERED,FAILED,PLATFORM)
SELECT EVENT_DATE,UPPER(IFNULL(NULLIF(CHILD_USER_NAME,''),'NEXGCP1')) AS USER_NAME,UPPER(SENDER_ID) AS CLI,UPPER(OPERATOR) AS OPERATOR,
IFNULL(NULLIF(GATEWAY_DATA,''),0) AS SMSC_ID,SUM(TOTAL_PART_OF_SMS) AS SUBMITION,
SUM(CASE WHEN CRM_ID='5' THEN TOTAL_PART_OF_SMS ELSE 0 END) AS DELIVERED,
SUM(CASE WHEN CRM_ID!='5' THEN TOTAL_PART_OF_SMS ELSE 0 END) AS FAILED,'INFOBIP' AS PLATFORM
FROM INFOBIP_CDRS PARTITION(DATE_20241011) GROUP BY 1,2,3,4,5
--------------

Query OK, 27740 rows affected (1 min 55.23 sec)
Records: 27740  Duplicates: 0  Warnings: 0

--------------
INSERT INTO BILLING_SUMMARY (EVENT_DATE,USER_NAME,CLI,OPERATOR,SMSC_ID,SMSC_NAME,SUBMITION,DELIVERED,FAILED,PLATFORM)
SELECT EVENT_DATE,UPPER(CHILD_USER_NAME) AS USER_NAME,UPPER(SENDER_ID) AS CLI,UPPER(OPERATOR) AS OPERATOR,
(CASE WHEN SMSC_USER_NAME='NULL' THEN '0' ELSE SMSC_USER_NAME END) AS SMSC_ID,SMSC,SUM(PARTS) AS SUBMITION,
SUM(CASE WHEN DESCRIPTION='DELIVRD' THEN PARTS ELSE 0 END) AS DELIVERED,
SUM(CASE WHEN DESCRIPTION!='DELIVRD' THEN PARTS ELSE 0 END) AS FAILED,'NEXG' AS PLATFORM
FROM NEXG_CDRS PARTITION(DATE_20241011) GROUP BY 1,2,3,4,5,6
--------------

Query OK, 20823 rows affected (1 min 28.03 sec)
Records: 20823  Duplicates: 0  Warnings: 0

--------------
UPDATE BILLING_SUMMARY PARTITION(DATE_20241011) A, CRM_RATE_MST B SET A.SMS_TYPE=B.SERVICE_TYPE WHERE A.USER_NAME=B.USER_NAME AND B.SERVICE_TYPE='Government'
--------------

Query OK, 29 rows affected (0.83 sec)
Rows matched: 29  Changed: 29  Warnings: 0

--------------
UPDATE BILLING_SUMMARY PARTITION(DATE_20241011) SET OPERATOR='UNKNOWN' WHERE OPERATOR IS NULL
--------------

Query OK, 0 rows affected (0.03 sec)
Rows matched: 0  Changed: 0  Warnings: 0

--------------
UPDATE BILLING_SUMMARY PARTITION(DATE_20241011) SET OPERATOR='UNKNOWN' WHERE OPERATOR='India'
--------------

Query OK, 587 rows affected (0.04 sec)
Rows matched: 587  Changed: 587  Warnings: 0

--------------
UPDATE BILLING_SUMMARY PARTITION(DATE_20241011) SET OPERATOR='BSNL' WHERE OPERATOR='MTNL'
--------------

Query OK, 918 rows affected (0.04 sec)
Rows matched: 918  Changed: 918  Warnings: 0

--------------
UPDATE BILLING_SUMMARY PARTITION(DATE_20241011) SET OPERATOR='VODA_IDEA' WHERE OPERATOR IN('VODAFONE','IDEA')
--------------

Query OK, 9366 rows affected (0.19 sec)
Rows matched: 9366  Changed: 9366  Warnings: 0

--------------
UPDATE BILLING_SUMMARY PARTITION(DATE_20241011) A, SMSC_ID_MST B SET A.SMSC_NAME=B.SMSC_NAME WHERE A.SMSC_ID=B.SMSC_ID AND A.PLATFORM=B.PLATFORM
--------------

Query OK, 28498 rows affected (0.46 sec)
Rows matched: 28498  Changed: 28498  Warnings: 0

--------------
UPDATE BILLING_SUMMARY PARTITION(DATE_20241011) A, SMSC_ID_MST B SET A.SMSC_NAME=B.SMSC_NAME WHERE A.SMSC_ID=B.USER_NAME AND A.PLATFORM=B.PLATFORM
--------------

Query OK, 18860 rows affected (7.11 sec)
Rows matched: 20056  Changed: 18860  Warnings: 0

--------------
UPDATE BILLING_SUMMARY PARTITION(DATE_20241011) SET SMS_TYPE=(CASE WHEN OPERATOR=SMSC_NAME THEN 'ONNET' ELSE 'OFFNET' END) WHERE SMS_TYPE='0'
--------------

Query OK, 48534 rows affected (0.76 sec)
Rows matched: 48534  Changed: 48534  Warnings: 0

--------------
UPDATE BILLING_SUMMARY PARTITION(DATE_20241011) SET SMS_TYPE=(CASE WHEN OPERATOR=SMSC_NAME THEN 'GOVT_ONNET' ELSE 'GOVT_OFFNET' END) WHERE SMS_TYPE='Government'
--------------

Query OK, 29 rows affected (0.03 sec)
Rows matched: 29  Changed: 29  Warnings: 0

Bye
BILLING_SUMMARY DATE_20241012
--------------
ALTER TABLE BILLING_SUMMARY TRUNCATE PARTITION DATE_20241012
--------------

Query OK, 0 rows affected (1.81 sec)

--------------
INSERT INTO BILLING_SUMMARY (EVENT_DATE,USER_NAME,CLI,OPERATOR,SMSC_ID,SUBMITION,DELIVERED,FAILED,PLATFORM)
SELECT EVENT_DATE,UPPER(IFNULL(NULLIF(CHILD_USER_NAME,''),'NEXGCP1')) AS USER_NAME,UPPER(SENDER_ID) AS CLI,UPPER(OPERATOR) AS OPERATOR,
IFNULL(NULLIF(GATEWAY_DATA,''),0) AS SMSC_ID,SUM(TOTAL_PART_OF_SMS) AS SUBMITION,
SUM(CASE WHEN CRM_ID='5' THEN TOTAL_PART_OF_SMS ELSE 0 END) AS DELIVERED,
SUM(CASE WHEN CRM_ID!='5' THEN TOTAL_PART_OF_SMS ELSE 0 END) AS FAILED,'INFOBIP' AS PLATFORM
FROM INFOBIP_CDRS PARTITION(DATE_20241012) GROUP BY 1,2,3,4,5
--------------

Query OK, 22448 rows affected (1 min 17.46 sec)
Records: 22448  Duplicates: 0  Warnings: 0

--------------
INSERT INTO BILLING_SUMMARY (EVENT_DATE,USER_NAME,CLI,OPERATOR,SMSC_ID,SMSC_NAME,SUBMITION,DELIVERED,FAILED,PLATFORM)
SELECT EVENT_DATE,UPPER(CHILD_USER_NAME) AS USER_NAME,UPPER(SENDER_ID) AS CLI,UPPER(OPERATOR) AS OPERATOR,
(CASE WHEN SMSC_USER_NAME='NULL' THEN '0' ELSE SMSC_USER_NAME END) AS SMSC_ID,SMSC,SUM(PARTS) AS SUBMITION,
SUM(CASE WHEN DESCRIPTION='DELIVRD' THEN PARTS ELSE 0 END) AS DELIVERED,
SUM(CASE WHEN DESCRIPTION!='DELIVRD' THEN PARTS ELSE 0 END) AS FAILED,'NEXG' AS PLATFORM
FROM NEXG_CDRS PARTITION(DATE_20241012) GROUP BY 1,2,3,4,5,6
--------------

Query OK, 18721 rows affected (2 min 23.51 sec)
Records: 18721  Duplicates: 0  Warnings: 0

--------------
UPDATE BILLING_SUMMARY PARTITION(DATE_20241012) A, CRM_RATE_MST B SET A.SMS_TYPE=B.SERVICE_TYPE WHERE A.USER_NAME=B.USER_NAME AND B.SERVICE_TYPE='Government'
--------------

Query OK, 10 rows affected (0.71 sec)
Rows matched: 10  Changed: 10  Warnings: 0

--------------
UPDATE BILLING_SUMMARY PARTITION(DATE_20241012) SET OPERATOR='UNKNOWN' WHERE OPERATOR IS NULL
--------------

Query OK, 0 rows affected (0.02 sec)
Rows matched: 0  Changed: 0  Warnings: 0

--------------
UPDATE BILLING_SUMMARY PARTITION(DATE_20241012) SET OPERATOR='UNKNOWN' WHERE OPERATOR='India'
--------------

Query OK, 475 rows affected (0.03 sec)
Rows matched: 475  Changed: 475  Warnings: 0

--------------
UPDATE BILLING_SUMMARY PARTITION(DATE_20241012) SET OPERATOR='BSNL' WHERE OPERATOR='MTNL'
--------------

Query OK, 729 rows affected (0.05 sec)
Rows matched: 729  Changed: 729  Warnings: 0

--------------
UPDATE BILLING_SUMMARY PARTITION(DATE_20241012) SET OPERATOR='VODA_IDEA' WHERE OPERATOR IN('VODAFONE','IDEA')
--------------

Query OK, 7528 rows affected (0.15 sec)
Rows matched: 7528  Changed: 7528  Warnings: 0

--------------
UPDATE BILLING_SUMMARY PARTITION(DATE_20241012) A, SMSC_ID_MST B SET A.SMSC_NAME=B.SMSC_NAME WHERE A.SMSC_ID=B.SMSC_ID AND A.PLATFORM=B.PLATFORM
--------------

Query OK, 23456 rows affected (0.36 sec)
Rows matched: 23456  Changed: 23456  Warnings: 0

--------------
UPDATE BILLING_SUMMARY PARTITION(DATE_20241012) A, SMSC_ID_MST B SET A.SMSC_NAME=B.SMSC_NAME WHERE A.SMSC_ID=B.USER_NAME AND A.PLATFORM=B.PLATFORM
--------------

Query OK, 16606 rows affected (6.06 sec)
Rows matched: 17706  Changed: 16606  Warnings: 0

--------------
UPDATE BILLING_SUMMARY PARTITION(DATE_20241012) SET SMS_TYPE=(CASE WHEN OPERATOR=SMSC_NAME THEN 'ONNET' ELSE 'OFFNET' END) WHERE SMS_TYPE='0'
--------------

Query OK, 41159 rows affected (0.62 sec)
Rows matched: 41159  Changed: 41159  Warnings: 0

--------------
UPDATE BILLING_SUMMARY PARTITION(DATE_20241012) SET SMS_TYPE=(CASE WHEN OPERATOR=SMSC_NAME THEN 'GOVT_ONNET' ELSE 'GOVT_OFFNET' END) WHERE SMS_TYPE='Government'
--------------

Query OK, 10 rows affected (0.03 sec)
Rows matched: 10  Changed: 10  Warnings: 0

Bye
BILLING_SUMMARY DATE_20241013
--------------
ALTER TABLE BILLING_SUMMARY TRUNCATE PARTITION DATE_20241013
--------------

Query OK, 0 rows affected (1.81 sec)

--------------
INSERT INTO BILLING_SUMMARY (EVENT_DATE,USER_NAME,CLI,OPERATOR,SMSC_ID,SUBMITION,DELIVERED,FAILED,PLATFORM)
SELECT EVENT_DATE,UPPER(IFNULL(NULLIF(CHILD_USER_NAME,''),'NEXGCP1')) AS USER_NAME,UPPER(SENDER_ID) AS CLI,UPPER(OPERATOR) AS OPERATOR,
IFNULL(NULLIF(GATEWAY_DATA,''),0) AS SMSC_ID,SUM(TOTAL_PART_OF_SMS) AS SUBMITION,
SUM(CASE WHEN CRM_ID='5' THEN TOTAL_PART_OF_SMS ELSE 0 END) AS DELIVERED,
SUM(CASE WHEN CRM_ID!='5' THEN TOTAL_PART_OF_SMS ELSE 0 END) AS FAILED,'INFOBIP' AS PLATFORM
FROM INFOBIP_CDRS PARTITION(DATE_20241013) GROUP BY 1,2,3,4,5
--------------

Query OK, 20750 rows affected (56.96 sec)
Records: 20750  Duplicates: 0  Warnings: 0

--------------
INSERT INTO BILLING_SUMMARY (EVENT_DATE,USER_NAME,CLI,OPERATOR,SMSC_ID,SMSC_NAME,SUBMITION,DELIVERED,FAILED,PLATFORM)
SELECT EVENT_DATE,UPPER(CHILD_USER_NAME) AS USER_NAME,UPPER(SENDER_ID) AS CLI,UPPER(OPERATOR) AS OPERATOR,
(CASE WHEN SMSC_USER_NAME='NULL' THEN '0' ELSE SMSC_USER_NAME END) AS SMSC_ID,SMSC,SUM(PARTS) AS SUBMITION,
SUM(CASE WHEN DESCRIPTION='DELIVRD' THEN PARTS ELSE 0 END) AS DELIVERED,
SUM(CASE WHEN DESCRIPTION!='DELIVRD' THEN PARTS ELSE 0 END) AS FAILED,'NEXG' AS PLATFORM
FROM NEXG_CDRS PARTITION(DATE_20241013) GROUP BY 1,2,3,4,5,6
--------------

Query OK, 15502 rows affected (1 min 11.67 sec)
Records: 15502  Duplicates: 0  Warnings: 0

--------------
UPDATE BILLING_SUMMARY PARTITION(DATE_20241013) A, CRM_RATE_MST B SET A.SMS_TYPE=B.SERVICE_TYPE WHERE A.USER_NAME=B.USER_NAME AND B.SERVICE_TYPE='Government'
--------------

Query OK, 9 rows affected (0.62 sec)
Rows matched: 9  Changed: 9  Warnings: 0

--------------
UPDATE BILLING_SUMMARY PARTITION(DATE_20241013) SET OPERATOR='UNKNOWN' WHERE OPERATOR IS NULL
--------------

Query OK, 0 rows affected (0.02 sec)
Rows matched: 0  Changed: 0  Warnings: 0

--------------
UPDATE BILLING_SUMMARY PARTITION(DATE_20241013) SET OPERATOR='UNKNOWN' WHERE OPERATOR='India'
--------------

Query OK, 417 rows affected (0.03 sec)
Rows matched: 417  Changed: 417  Warnings: 0

--------------
UPDATE BILLING_SUMMARY PARTITION(DATE_20241013) SET OPERATOR='BSNL' WHERE OPERATOR='MTNL'
--------------

Query OK, 662 rows affected (0.03 sec)
Rows matched: 662  Changed: 662  Warnings: 0

--------------
UPDATE BILLING_SUMMARY PARTITION(DATE_20241013) SET OPERATOR='VODA_IDEA' WHERE OPERATOR IN('VODAFONE','IDEA')
--------------

Query OK, 7009 rows affected (0.14 sec)
Rows matched: 7009  Changed: 7009  Warnings: 0

--------------
UPDATE BILLING_SUMMARY PARTITION(DATE_20241013) A, SMSC_ID_MST B SET A.SMSC_NAME=B.SMSC_NAME WHERE A.SMSC_ID=B.SMSC_ID AND A.PLATFORM=B.PLATFORM
--------------

Query OK, 21366 rows affected (0.33 sec)
Rows matched: 21366  Changed: 21366  Warnings: 0

--------------
UPDATE BILLING_SUMMARY PARTITION(DATE_20241013) A, SMSC_ID_MST B SET A.SMSC_NAME=B.SMSC_NAME WHERE A.SMSC_ID=B.USER_NAME AND A.PLATFORM=B.PLATFORM
--------------

Query OK, 13949 rows affected (5.24 sec)
Rows matched: 14881  Changed: 13949  Warnings: 0

--------------
UPDATE BILLING_SUMMARY PARTITION(DATE_20241013) SET SMS_TYPE=(CASE WHEN OPERATOR=SMSC_NAME THEN 'ONNET' ELSE 'OFFNET' END) WHERE SMS_TYPE='0'
--------------

Query OK, 36243 rows affected (0.55 sec)
Rows matched: 36243  Changed: 36243  Warnings: 0

--------------
UPDATE BILLING_SUMMARY PARTITION(DATE_20241013) SET SMS_TYPE=(CASE WHEN OPERATOR=SMSC_NAME THEN 'GOVT_ONNET' ELSE 'GOVT_OFFNET' END) WHERE SMS_TYPE='Government'
--------------

Query OK, 9 rows affected (0.03 sec)
Rows matched: 9  Changed: 9  Warnings: 0

Bye
BILLING_SUMMARY DATE_20241014
--------------
ALTER TABLE BILLING_SUMMARY TRUNCATE PARTITION DATE_20241014
--------------

Query OK, 0 rows affected (2.02 sec)

--------------
INSERT INTO BILLING_SUMMARY (EVENT_DATE,USER_NAME,CLI,OPERATOR,SMSC_ID,SUBMITION,DELIVERED,FAILED,PLATFORM)
SELECT EVENT_DATE,UPPER(IFNULL(NULLIF(CHILD_USER_NAME,''),'NEXGCP1')) AS USER_NAME,UPPER(SENDER_ID) AS CLI,UPPER(OPERATOR) AS OPERATOR,
IFNULL(NULLIF(GATEWAY_DATA,''),0) AS SMSC_ID,SUM(TOTAL_PART_OF_SMS) AS SUBMITION,
SUM(CASE WHEN CRM_ID='5' THEN TOTAL_PART_OF_SMS ELSE 0 END) AS DELIVERED,
SUM(CASE WHEN CRM_ID!='5' THEN TOTAL_PART_OF_SMS ELSE 0 END) AS FAILED,'INFOBIP' AS PLATFORM
FROM INFOBIP_CDRS PARTITION(DATE_20241014) GROUP BY 1,2,3,4,5
--------------

Query OK, 31954 rows affected (1 min 11.00 sec)
Records: 31954  Duplicates: 0  Warnings: 0

--------------
INSERT INTO BILLING_SUMMARY (EVENT_DATE,USER_NAME,CLI,OPERATOR,SMSC_ID,SMSC_NAME,SUBMITION,DELIVERED,FAILED,PLATFORM)
SELECT EVENT_DATE,UPPER(CHILD_USER_NAME) AS USER_NAME,UPPER(SENDER_ID) AS CLI,UPPER(OPERATOR) AS OPERATOR,
(CASE WHEN SMSC_USER_NAME='NULL' THEN '0' ELSE SMSC_USER_NAME END) AS SMSC_ID,SMSC,SUM(PARTS) AS SUBMITION,
SUM(CASE WHEN DESCRIPTION='DELIVRD' THEN PARTS ELSE 0 END) AS DELIVERED,
SUM(CASE WHEN DESCRIPTION!='DELIVRD' THEN PARTS ELSE 0 END) AS FAILED,'NEXG' AS PLATFORM
FROM NEXG_CDRS PARTITION(DATE_20241014) GROUP BY 1,2,3,4,5,6
--------------

Query OK, 23917 rows affected (1 min 18.38 sec)
Records: 23917  Duplicates: 0  Warnings: 0

--------------
UPDATE BILLING_SUMMARY PARTITION(DATE_20241014) A, CRM_RATE_MST B SET A.SMS_TYPE=B.SERVICE_TYPE WHERE A.USER_NAME=B.USER_NAME AND B.SERVICE_TYPE='Government'
--------------

Query OK, 10 rows affected (0.96 sec)
Rows matched: 10  Changed: 10  Warnings: 0

--------------
UPDATE BILLING_SUMMARY PARTITION(DATE_20241014) SET OPERATOR='UNKNOWN' WHERE OPERATOR IS NULL
--------------

Query OK, 0 rows affected (0.03 sec)
Rows matched: 0  Changed: 0  Warnings: 0

--------------
UPDATE BILLING_SUMMARY PARTITION(DATE_20241014) SET OPERATOR='UNKNOWN' WHERE OPERATOR='India'
--------------

Query OK, 614 rows affected (0.05 sec)
Rows matched: 614  Changed: 614  Warnings: 0

--------------
UPDATE BILLING_SUMMARY PARTITION(DATE_20241014) SET OPERATOR='BSNL' WHERE OPERATOR='MTNL'
--------------

Query OK, 928 rows affected (0.05 sec)
Rows matched: 928  Changed: 928  Warnings: 0

--------------
UPDATE BILLING_SUMMARY PARTITION(DATE_20241014) SET OPERATOR='VODA_IDEA' WHERE OPERATOR IN('VODAFONE','IDEA')
--------------

Query OK, 10856 rows affected (0.21 sec)
Rows matched: 10856  Changed: 10856  Warnings: 0

--------------
UPDATE BILLING_SUMMARY PARTITION(DATE_20241014) A, SMSC_ID_MST B SET A.SMSC_NAME=B.SMSC_NAME WHERE A.SMSC_ID=B.SMSC_ID AND A.PLATFORM=B.PLATFORM
--------------

Query OK, 32650 rows affected (0.52 sec)
Rows matched: 32650  Changed: 32650  Warnings: 0

--------------
UPDATE BILLING_SUMMARY PARTITION(DATE_20241014) A, SMSC_ID_MST B SET A.SMSC_NAME=B.SMSC_NAME WHERE A.SMSC_ID=B.USER_NAME AND A.PLATFORM=B.PLATFORM
--------------

Query OK, 21807 rows affected (8.24 sec)
Rows matched: 23211  Changed: 21807  Warnings: 0

--------------
UPDATE BILLING_SUMMARY PARTITION(DATE_20241014) SET SMS_TYPE=(CASE WHEN OPERATOR=SMSC_NAME THEN 'ONNET' ELSE 'OFFNET' END) WHERE SMS_TYPE='0'
--------------

Query OK, 55861 rows affected (0.88 sec)
Rows matched: 55861  Changed: 55861  Warnings: 0

--------------
UPDATE BILLING_SUMMARY PARTITION(DATE_20241014) SET SMS_TYPE=(CASE WHEN OPERATOR=SMSC_NAME THEN 'GOVT_ONNET' ELSE 'GOVT_OFFNET' END) WHERE SMS_TYPE='Government'
--------------

Query OK, 10 rows affected (0.04 sec)
Rows matched: 10  Changed: 10  Warnings: 0

Bye
BILLING_SUMMARY DATE_20241015
--------------
ALTER TABLE BILLING_SUMMARY TRUNCATE PARTITION DATE_20241015
--------------

Query OK, 0 rows affected (1.15 sec)

--------------
INSERT INTO BILLING_SUMMARY (EVENT_DATE,USER_NAME,CLI,OPERATOR,SMSC_ID,SUBMITION,DELIVERED,FAILED,PLATFORM)
SELECT EVENT_DATE,UPPER(IFNULL(NULLIF(CHILD_USER_NAME,''),'NEXGCP1')) AS USER_NAME,UPPER(SENDER_ID) AS CLI,UPPER(OPERATOR) AS OPERATOR,
IFNULL(NULLIF(GATEWAY_DATA,''),0) AS SMSC_ID,SUM(TOTAL_PART_OF_SMS) AS SUBMITION,
SUM(CASE WHEN CRM_ID='5' THEN TOTAL_PART_OF_SMS ELSE 0 END) AS DELIVERED,
SUM(CASE WHEN CRM_ID!='5' THEN TOTAL_PART_OF_SMS ELSE 0 END) AS FAILED,'INFOBIP' AS PLATFORM
FROM INFOBIP_CDRS PARTITION(DATE_20241015) GROUP BY 1,2,3,4,5
--------------

Query OK, 32930 rows affected (1 min 4.06 sec)
Records: 32930  Duplicates: 0  Warnings: 0

--------------
INSERT INTO BILLING_SUMMARY (EVENT_DATE,USER_NAME,CLI,OPERATOR,SMSC_ID,SMSC_NAME,SUBMITION,DELIVERED,FAILED,PLATFORM)
SELECT EVENT_DATE,UPPER(CHILD_USER_NAME) AS USER_NAME,UPPER(SENDER_ID) AS CLI,UPPER(OPERATOR) AS OPERATOR,
(CASE WHEN SMSC_USER_NAME='NULL' THEN '0' ELSE SMSC_USER_NAME END) AS SMSC_ID,SMSC,SUM(PARTS) AS SUBMITION,
SUM(CASE WHEN DESCRIPTION='DELIVRD' THEN PARTS ELSE 0 END) AS DELIVERED,
SUM(CASE WHEN DESCRIPTION!='DELIVRD' THEN PARTS ELSE 0 END) AS FAILED,'NEXG' AS PLATFORM
FROM NEXG_CDRS PARTITION(DATE_20241015) GROUP BY 1,2,3,4,5,6
--------------

Query OK, 21261 rows affected (1 min 48.32 sec)
Records: 21261  Duplicates: 0  Warnings: 0

--------------
UPDATE BILLING_SUMMARY PARTITION(DATE_20241015) A, CRM_RATE_MST B SET A.SMS_TYPE=B.SERVICE_TYPE WHERE A.USER_NAME=B.USER_NAME AND B.SERVICE_TYPE='Government'
--------------

Query OK, 10 rows affected (0.91 sec)
Rows matched: 10  Changed: 10  Warnings: 0

--------------
UPDATE BILLING_SUMMARY PARTITION(DATE_20241015) SET OPERATOR='UNKNOWN' WHERE OPERATOR IS NULL
--------------

Query OK, 0 rows affected (0.03 sec)
Rows matched: 0  Changed: 0  Warnings: 0

--------------
UPDATE BILLING_SUMMARY PARTITION(DATE_20241015) SET OPERATOR='UNKNOWN' WHERE OPERATOR='India'
--------------

Query OK, 682 rows affected (0.05 sec)
Rows matched: 682  Changed: 682  Warnings: 0

--------------
UPDATE BILLING_SUMMARY PARTITION(DATE_20241015) SET OPERATOR='BSNL' WHERE OPERATOR='MTNL'
--------------

Query OK, 950 rows affected (0.05 sec)
Rows matched: 950  Changed: 950  Warnings: 0

--------------
UPDATE BILLING_SUMMARY PARTITION(DATE_20241015) SET OPERATOR='VODA_IDEA' WHERE OPERATOR IN('VODAFONE','IDEA')
--------------

Query OK, 11150 rows affected (0.24 sec)
Rows matched: 11150  Changed: 11150  Warnings: 0

--------------
UPDATE BILLING_SUMMARY PARTITION(DATE_20241015) A, SMSC_ID_MST B SET A.SMSC_NAME=B.SMSC_NAME WHERE A.SMSC_ID=B.SMSC_ID AND A.PLATFORM=B.PLATFORM
--------------

Query OK, 33640 rows affected (0.52 sec)
Rows matched: 33640  Changed: 33640  Warnings: 0

--------------
UPDATE BILLING_SUMMARY PARTITION(DATE_20241015) A, SMSC_ID_MST B SET A.SMSC_NAME=B.SMSC_NAME WHERE A.SMSC_ID=B.USER_NAME AND A.PLATFORM=B.PLATFORM
--------------

Query OK, 19070 rows affected (8.13 sec)
Rows matched: 20539  Changed: 19070  Warnings: 0

--------------
UPDATE BILLING_SUMMARY PARTITION(DATE_20241015) SET SMS_TYPE=(CASE WHEN OPERATOR=SMSC_NAME THEN 'ONNET' ELSE 'OFFNET' END) WHERE SMS_TYPE='0'
--------------

Query OK, 54181 rows affected (0.95 sec)
Rows matched: 54181  Changed: 54181  Warnings: 0

--------------
UPDATE BILLING_SUMMARY PARTITION(DATE_20241015) SET SMS_TYPE=(CASE WHEN OPERATOR=SMSC_NAME THEN 'GOVT_ONNET' ELSE 'GOVT_OFFNET' END) WHERE SMS_TYPE='Government'
--------------

Query OK, 10 rows affected (0.04 sec)
Rows matched: 10  Changed: 10  Warnings: 0

Bye
:::::::::::::::::::END BILLING_SUMMARY::::::::::::::::::
Wed Oct 16 08:30:07 IST 2024 StartDateTime

NO LONG RUNNING PROCESS FOUND TO BE KILL
Mail Sent start Successfully..... 
previous day smsc id summary 15-Oct-24
Mail Sent end Successfully..... 

Wed Oct 16 08:30:09 IST 2024 EndDateTime
2 Sec

:::::::::::::::::::END smsc_id_report::::::::::::::::::
ERROR_CODE_SUMMARY DATE_20241011
--------------
UPDATE CDRS_TEXT PARTITION(DATE_20241011) SET ERROR_CODE_ID='9998',ERROR_CODE_DESCRIPTION='REJECTD' WHERE ERROR_CODE_ID='0' AND SMSC_ID='' AND PLATFORM='INFOBIP'
--------------

Query OK, 0 rows affected (51.99 sec)
Rows matched: 0  Changed: 0  Warnings: 0

--------------
ALTER TABLE ERROR_CODE_SUMMARY TRUNCATE PARTITION DATE_20241011
--------------

Query OK, 0 rows affected (1.76 sec)

--------------
INSERT INTO ERROR_CODE_SUMMARY (EVENT_DATE,USER_NAME,SMSC_ID,ERROR_CODE_ID,SMSC_STATUS_CODE,ERROR_DESCRIPTION,PLATFORM,CNT)
SELECT cdt.EVENT_DATE,UPPER(cdt.CHILD_USER_NAME) AS USER_NAME,CASE WHEN cdt.SMSC_ID='' THEN '0' ELSE cdt.SMSC_ID END AS SMSC_ID,cdt.ERROR_CODE_ID, cdt.SMSC_ERROR_CODE,(CASE WHEN sce.errorcode_short_desc IS NOT NULL THEN sce.errorcode_short_desc ELSE cdt.ERROR_CODE_DESCRIPTION END) AS ERROR_DESCRIPTION,cdt.PLATFORM,SUM(cdt.PARTS) AS CNT FROM CDRS_TEXT PARTITION(DATE_20241011) cdt LEFT JOIN sms_error_code sce ON cdt.ERROR_CODE_ID = sce.error_code WHERE cdt.ERROR_CODE_ID NOT IN ('0','000') AND cdt.CHILD_USER_NAME != '' GROUP BY 1,2,3,4,5,6
--------------

Query OK, 4016 rows affected (1 min 20.22 sec)
Records: 4016  Duplicates: 0  Warnings: 0

--------------
UPDATE ERROR_CODE_SUMMARY PARTITION(DATE_20241011) A, SMSC_ID_MST B SET A.SMSC_NAME=B.SMSC_NAME WHERE A.SMSC_ID=B.SMSC_ID AND A.PLATFORM=B.PLATFORM AND A.SMSC_NAME IS NULL
--------------

Query OK, 4012 rows affected (0.09 sec)
Rows matched: 4012  Changed: 4012  Warnings: 0

Bye
ERROR_CODE_SUMMARY DATE_20241012
--------------
UPDATE CDRS_TEXT PARTITION(DATE_20241012) SET ERROR_CODE_ID='9998',ERROR_CODE_DESCRIPTION='REJECTD' WHERE ERROR_CODE_ID='0' AND SMSC_ID='' AND PLATFORM='INFOBIP'
--------------

Query OK, 0 rows affected (41.54 sec)
Rows matched: 0  Changed: 0  Warnings: 0

--------------
ALTER TABLE ERROR_CODE_SUMMARY TRUNCATE PARTITION DATE_20241012
--------------

Query OK, 0 rows affected (1.74 sec)

--------------
INSERT INTO ERROR_CODE_SUMMARY (EVENT_DATE,USER_NAME,SMSC_ID,ERROR_CODE_ID,SMSC_STATUS_CODE,ERROR_DESCRIPTION,PLATFORM,CNT)
SELECT cdt.EVENT_DATE,UPPER(cdt.CHILD_USER_NAME) AS USER_NAME,CASE WHEN cdt.SMSC_ID='' THEN '0' ELSE cdt.SMSC_ID END AS SMSC_ID,cdt.ERROR_CODE_ID, cdt.SMSC_ERROR_CODE,(CASE WHEN sce.errorcode_short_desc IS NOT NULL THEN sce.errorcode_short_desc ELSE cdt.ERROR_CODE_DESCRIPTION END) AS ERROR_DESCRIPTION,cdt.PLATFORM,SUM(cdt.PARTS) AS CNT FROM CDRS_TEXT PARTITION(DATE_20241012) cdt LEFT JOIN sms_error_code sce ON cdt.ERROR_CODE_ID = sce.error_code WHERE cdt.ERROR_CODE_ID NOT IN ('0','000') AND cdt.CHILD_USER_NAME != '' GROUP BY 1,2,3,4,5,6
--------------

Query OK, 3462 rows affected (1 min 34.08 sec)
Records: 3462  Duplicates: 0  Warnings: 0

--------------
UPDATE ERROR_CODE_SUMMARY PARTITION(DATE_20241012) A, SMSC_ID_MST B SET A.SMSC_NAME=B.SMSC_NAME WHERE A.SMSC_ID=B.SMSC_ID AND A.PLATFORM=B.PLATFORM AND A.SMSC_NAME IS NULL
--------------

Query OK, 3461 rows affected (0.09 sec)
Rows matched: 3461  Changed: 3461  Warnings: 0

Bye
ERROR_CODE_SUMMARY DATE_20241013
--------------
UPDATE CDRS_TEXT PARTITION(DATE_20241013) SET ERROR_CODE_ID='9998',ERROR_CODE_DESCRIPTION='REJECTD' WHERE ERROR_CODE_ID='0' AND SMSC_ID='' AND PLATFORM='INFOBIP'
--------------

Query OK, 0 rows affected (24.20 sec)
Rows matched: 0  Changed: 0  Warnings: 0

--------------
ALTER TABLE ERROR_CODE_SUMMARY TRUNCATE PARTITION DATE_20241013
--------------

Query OK, 0 rows affected (1.80 sec)

--------------
INSERT INTO ERROR_CODE_SUMMARY (EVENT_DATE,USER_NAME,SMSC_ID,ERROR_CODE_ID,SMSC_STATUS_CODE,ERROR_DESCRIPTION,PLATFORM,CNT)
SELECT cdt.EVENT_DATE,UPPER(cdt.CHILD_USER_NAME) AS USER_NAME,CASE WHEN cdt.SMSC_ID='' THEN '0' ELSE cdt.SMSC_ID END AS SMSC_ID,cdt.ERROR_CODE_ID, cdt.SMSC_ERROR_CODE,(CASE WHEN sce.errorcode_short_desc IS NOT NULL THEN sce.errorcode_short_desc ELSE cdt.ERROR_CODE_DESCRIPTION END) AS ERROR_DESCRIPTION,cdt.PLATFORM,SUM(cdt.PARTS) AS CNT FROM CDRS_TEXT PARTITION(DATE_20241013) cdt LEFT JOIN sms_error_code sce ON cdt.ERROR_CODE_ID = sce.error_code WHERE cdt.ERROR_CODE_ID NOT IN ('0','000') AND cdt.CHILD_USER_NAME != '' GROUP BY 1,2,3,4,5,6
--------------

Query OK, 3117 rows affected (42.62 sec)
Records: 3117  Duplicates: 0  Warnings: 0

--------------
UPDATE ERROR_CODE_SUMMARY PARTITION(DATE_20241013) A, SMSC_ID_MST B SET A.SMSC_NAME=B.SMSC_NAME WHERE A.SMSC_ID=B.SMSC_ID AND A.PLATFORM=B.PLATFORM AND A.SMSC_NAME IS NULL
--------------

Query OK, 3117 rows affected (0.09 sec)
Rows matched: 3117  Changed: 3117  Warnings: 0

Bye
ERROR_CODE_SUMMARY DATE_20241014
--------------
UPDATE CDRS_TEXT PARTITION(DATE_20241014) SET ERROR_CODE_ID='9998',ERROR_CODE_DESCRIPTION='REJECTD' WHERE ERROR_CODE_ID='0' AND SMSC_ID='' AND PLATFORM='INFOBIP'
--------------

Query OK, 0 rows affected (27.91 sec)
Rows matched: 0  Changed: 0  Warnings: 0

--------------
ALTER TABLE ERROR_CODE_SUMMARY TRUNCATE PARTITION DATE_20241014
--------------

Query OK, 0 rows affected (1.72 sec)

--------------
INSERT INTO ERROR_CODE_SUMMARY (EVENT_DATE,USER_NAME,SMSC_ID,ERROR_CODE_ID,SMSC_STATUS_CODE,ERROR_DESCRIPTION,PLATFORM,CNT)
SELECT cdt.EVENT_DATE,UPPER(cdt.CHILD_USER_NAME) AS USER_NAME,CASE WHEN cdt.SMSC_ID='' THEN '0' ELSE cdt.SMSC_ID END AS SMSC_ID,cdt.ERROR_CODE_ID, cdt.SMSC_ERROR_CODE,(CASE WHEN sce.errorcode_short_desc IS NOT NULL THEN sce.errorcode_short_desc ELSE cdt.ERROR_CODE_DESCRIPTION END) AS ERROR_DESCRIPTION,cdt.PLATFORM,SUM(cdt.PARTS) AS CNT FROM CDRS_TEXT PARTITION(DATE_20241014) cdt LEFT JOIN sms_error_code sce ON cdt.ERROR_CODE_ID = sce.error_code WHERE cdt.ERROR_CODE_ID NOT IN ('0','000') AND cdt.CHILD_USER_NAME != '' GROUP BY 1,2,3,4,5,6
--------------

Query OK, 3974 rows affected (46.69 sec)
Records: 3974  Duplicates: 0  Warnings: 0

--------------
UPDATE ERROR_CODE_SUMMARY PARTITION(DATE_20241014) A, SMSC_ID_MST B SET A.SMSC_NAME=B.SMSC_NAME WHERE A.SMSC_ID=B.SMSC_ID AND A.PLATFORM=B.PLATFORM AND A.SMSC_NAME IS NULL
--------------

Query OK, 3974 rows affected (0.10 sec)
Rows matched: 3974  Changed: 3974  Warnings: 0

Bye
ERROR_CODE_SUMMARY DATE_20241015
--------------
UPDATE CDRS_TEXT PARTITION(DATE_20241015) SET ERROR_CODE_ID='9998',ERROR_CODE_DESCRIPTION='REJECTD' WHERE ERROR_CODE_ID='0' AND SMSC_ID='' AND PLATFORM='INFOBIP'
--------------

Query OK, 0 rows affected (25.13 sec)
Rows matched: 0  Changed: 0  Warnings: 0

--------------
ALTER TABLE ERROR_CODE_SUMMARY TRUNCATE PARTITION DATE_20241015
--------------

Query OK, 0 rows affected (1.70 sec)

--------------
INSERT INTO ERROR_CODE_SUMMARY (EVENT_DATE,USER_NAME,SMSC_ID,ERROR_CODE_ID,SMSC_STATUS_CODE,ERROR_DESCRIPTION,PLATFORM,CNT)
SELECT cdt.EVENT_DATE,UPPER(cdt.CHILD_USER_NAME) AS USER_NAME,CASE WHEN cdt.SMSC_ID='' THEN '0' ELSE cdt.SMSC_ID END AS SMSC_ID,cdt.ERROR_CODE_ID, cdt.SMSC_ERROR_CODE,(CASE WHEN sce.errorcode_short_desc IS NOT NULL THEN sce.errorcode_short_desc ELSE cdt.ERROR_CODE_DESCRIPTION END) AS ERROR_DESCRIPTION,cdt.PLATFORM,SUM(cdt.PARTS) AS CNT FROM CDRS_TEXT PARTITION(DATE_20241015) cdt LEFT JOIN sms_error_code sce ON cdt.ERROR_CODE_ID = sce.error_code WHERE cdt.ERROR_CODE_ID NOT IN ('0','000') AND cdt.CHILD_USER_NAME != '' GROUP BY 1,2,3,4,5,6
--------------

Query OK, 4225 rows affected (58.52 sec)
Records: 4225  Duplicates: 0  Warnings: 0

--------------
UPDATE ERROR_CODE_SUMMARY PARTITION(DATE_20241015) A, SMSC_ID_MST B SET A.SMSC_NAME=B.SMSC_NAME WHERE A.SMSC_ID=B.SMSC_ID AND A.PLATFORM=B.PLATFORM AND A.SMSC_NAME IS NULL
--------------

Query OK, 4218 rows affected (0.10 sec)
Rows matched: 4218  Changed: 4218  Warnings: 0

Bye
:::::::::::::::::::END ERROR_CODE_SUMMARY::::::::::::::::::
HEADER_REPORT DATE_20241011
--------------
ALTER TABLE HEADER_REPORT TRUNCATE PARTITION DATE_20241011
--------------

Query OK, 0 rows affected (1.73 sec)

--------------
INSERT INTO HEADER_REPORT (EVENT_DATE,SENDER_ID,USER_NAME,DLT_PE_ID,DLT_CT_ID,SUBMITION,DELIVERED,FAILED,PLATFORM)
SELECT EVENT_DATE,UPPER(SENDER_ID) AS SENDER_ID,UPPER(IFNULL(NULLIF(CHILD_USER_NAME,''),'NEXGCP1')) AS USER_NAME,DLT_PE_ID,DLT_CT_ID,
SUM(PARTS) AS SUBMITION,SUM(CASE WHEN ERROR_CODE_ID IN('0','000') THEN PARTS ELSE 0 END) AS DELIVERED,
SUM(CASE WHEN ERROR_CODE_ID NOT IN('0','000') THEN PARTS ELSE 0 END) AS FAILED,PLATFORM
FROM CDRS_TEXT PARTITION(DATE_20241011) GROUP BY 1,2,3,4,5
--------------

Query OK, 25311 rows affected (3 min 54.49 sec)
Records: 25311  Duplicates: 0  Warnings: 0

Bye
HEADER_REPORT DATE_20241012
--------------
ALTER TABLE HEADER_REPORT TRUNCATE PARTITION DATE_20241012
--------------

Query OK, 0 rows affected (3.72 sec)

--------------
INSERT INTO HEADER_REPORT (EVENT_DATE,SENDER_ID,USER_NAME,DLT_PE_ID,DLT_CT_ID,SUBMITION,DELIVERED,FAILED,PLATFORM)
SELECT EVENT_DATE,UPPER(SENDER_ID) AS SENDER_ID,UPPER(IFNULL(NULLIF(CHILD_USER_NAME,''),'NEXGCP1')) AS USER_NAME,DLT_PE_ID,DLT_CT_ID,
SUM(PARTS) AS SUBMITION,SUM(CASE WHEN ERROR_CODE_ID IN('0','000') THEN PARTS ELSE 0 END) AS DELIVERED,
SUM(CASE WHEN ERROR_CODE_ID NOT IN('0','000') THEN PARTS ELSE 0 END) AS FAILED,PLATFORM
FROM CDRS_TEXT PARTITION(DATE_20241012) GROUP BY 1,2,3,4,5
--------------

Query OK, 19753 rows affected (4 min 11.97 sec)
Records: 19753  Duplicates: 0  Warnings: 0

Bye
HEADER_REPORT DATE_20241013
--------------
ALTER TABLE HEADER_REPORT TRUNCATE PARTITION DATE_20241013
--------------

Query OK, 0 rows affected (3.71 sec)

--------------
INSERT INTO HEADER_REPORT (EVENT_DATE,SENDER_ID,USER_NAME,DLT_PE_ID,DLT_CT_ID,SUBMITION,DELIVERED,FAILED,PLATFORM)
SELECT EVENT_DATE,UPPER(SENDER_ID) AS SENDER_ID,UPPER(IFNULL(NULLIF(CHILD_USER_NAME,''),'NEXGCP1')) AS USER_NAME,DLT_PE_ID,DLT_CT_ID,
SUM(PARTS) AS SUBMITION,SUM(CASE WHEN ERROR_CODE_ID IN('0','000') THEN PARTS ELSE 0 END) AS DELIVERED,
SUM(CASE WHEN ERROR_CODE_ID NOT IN('0','000') THEN PARTS ELSE 0 END) AS FAILED,PLATFORM
FROM CDRS_TEXT PARTITION(DATE_20241013) GROUP BY 1,2,3,4,5
--------------

Query OK, 17780 rows affected (2 min 29.10 sec)
Records: 17780  Duplicates: 0  Warnings: 0

Bye
HEADER_REPORT DATE_20241014
--------------
ALTER TABLE HEADER_REPORT TRUNCATE PARTITION DATE_20241014
--------------

Query OK, 0 rows affected (1.75 sec)

--------------
INSERT INTO HEADER_REPORT (EVENT_DATE,SENDER_ID,USER_NAME,DLT_PE_ID,DLT_CT_ID,SUBMITION,DELIVERED,FAILED,PLATFORM)
SELECT EVENT_DATE,UPPER(SENDER_ID) AS SENDER_ID,UPPER(IFNULL(NULLIF(CHILD_USER_NAME,''),'NEXGCP1')) AS USER_NAME,DLT_PE_ID,DLT_CT_ID,
SUM(PARTS) AS SUBMITION,SUM(CASE WHEN ERROR_CODE_ID IN('0','000') THEN PARTS ELSE 0 END) AS DELIVERED,
SUM(CASE WHEN ERROR_CODE_ID NOT IN('0','000') THEN PARTS ELSE 0 END) AS FAILED,PLATFORM
FROM CDRS_TEXT PARTITION(DATE_20241014) GROUP BY 1,2,3,4,5
--------------

Query OK, 28836 rows affected (2 min 50.82 sec)
Records: 28836  Duplicates: 0  Warnings: 0

Bye
HEADER_REPORT DATE_20241015
--------------
ALTER TABLE HEADER_REPORT TRUNCATE PARTITION DATE_20241015
--------------

Query OK, 0 rows affected (3.64 sec)

--------------
INSERT INTO HEADER_REPORT (EVENT_DATE,SENDER_ID,USER_NAME,DLT_PE_ID,DLT_CT_ID,SUBMITION,DELIVERED,FAILED,PLATFORM)
SELECT EVENT_DATE,UPPER(SENDER_ID) AS SENDER_ID,UPPER(IFNULL(NULLIF(CHILD_USER_NAME,''),'NEXGCP1')) AS USER_NAME,DLT_PE_ID,DLT_CT_ID,
SUM(PARTS) AS SUBMITION,SUM(CASE WHEN ERROR_CODE_ID IN('0','000') THEN PARTS ELSE 0 END) AS DELIVERED,
SUM(CASE WHEN ERROR_CODE_ID NOT IN('0','000') THEN PARTS ELSE 0 END) AS FAILED,PLATFORM
FROM CDRS_TEXT PARTITION(DATE_20241015) GROUP BY 1,2,3,4,5
--------------

Query OK, 27084 rows affected (3 min 22.65 sec)
Records: 27084  Duplicates: 0  Warnings: 0

Bye
:::::::::::::::::::END HEADER_REPORT::::::::::::::::::
--------------
LOAD DATA local INFILE 'CPASS_DAILY_SUMMARY.txt' INTO TABLE DAILY_SUMMARY
FIELDS TERMINATED BY '|' LINES TERMINATED BY '\n'
(EVENT_DATE,USER_NAME,SUBMITION,DELIVERED,FAILED,PLATFORM,INSERT_DATE)
--------------

Query OK, 249 rows affected (0.01 sec)
Records: 249  Deleted: 0  Skipped: 0  Warnings: 0

Bye
:::::::::::::::::::END CPASS_DAILY_SUMMARY::::::::::::::::::

Wed Oct 16 08:55:35 IST 2024 EndDateTime
3034 Sec

