Wed Oct 16 04:00:01 IST 2024 StartDateTime

NO LONG RUNNING PROCESS FOUND TO BE KILL
--------------
TRUNCATE TABLE CRM_RATE_MST
--------------

Query OK, 0 rows affected (0.03 sec)

Bye
--------------
LOAD DATA local INFILE '/data01/shfiles/crm_rate_master/RATE_LIST.txt' INTO TABLE CRM_RATE_MST FIELDS TERMINATED BY '|' LINES TERMINATED BY '\n' (CUSTOMER_CODE,USER_NAME,CUSTOMER_NAME,CUSTOMER_EMAIL_ID,CREATION_DATE,CUSTOMER_STATUS,CUSTOMER_TYPE_CODE,SUBSCRIPTION_CODE,TRANSACTION_CODE,SERVICE_NAME,SERVICE_MODE,CHARGE_TYPE,CUSTOMER_BASE_RATE,DLT_RATE,CHARGERATEUNIT,SERVICE_TYPE,EMPLOYEE_NAME,EMPLOYEE_EMAILID)
--------------

Query OK, 1669 rows affected, 138 warnings (0.09 sec)
Records: 1669  Deleted: 0  Skipped: 0  Warnings: 138

Bye
--------------
UPDATE CRM_RATE_MST_copy A, CRM_RATE_MST B SET A.CUSTOMER_BASE_RATE=B.CUSTOMER_BASE_RATE,A.DLT_RATE=B.DLT_RATE,
A.CUSTOMER_NAME=B.CUSTOMER_NAME,A.CUSTOMER_EMAIL_ID=B.CUSTOMER_EMAIL_ID,A.CUSTOMER_TYPE_CODE=B.CUSTOMER_TYPE_CODE,
A.EMPLOYEE_NAME=B.EMPLOYEE_NAME,A.EMPLOYEE_EMAILID=B.EMPLOYEE_EMAILID
WHERE A.CUSTOMER_CODE=B.CUSTOMER_CODE AND A.SERVICE_TYPE=B.SERVICE_TYPE AND A.CHARGE_TYPE=B.CHARGE_TYPE
--------------

Query OK, 0 rows affected (0.00 sec)
Rows matched: 61  Changed: 0  Warnings: 0

--------------
INSERT INTO CRM_RATE_MST SELECT * FROM CRM_RATE_MST_copy
--------------

Query OK, 62 rows affected (0.00 sec)
Records: 62  Duplicates: 0  Warnings: 0

Bye
--------------
INSERT INTO nexg_hunt.SUBSCRIPTION_MST (CUSTOMER_CODE,USER_NAME,SERVICE_NAME,CHARGE_TYPE,CUSTOMER_BASE_RATE,DLT_RATE,CHARGERATEUNIT,SERVICE_TYPE)
SELECT CUSTOMER_CODE,USER_NAME,SERVICE_NAME,CHARGE_TYPE,CUSTOMER_BASE_RATE,DLT_RATE,CHARGERATEUNIT,SERVICE_TYPE FROM nexg_hunt.USER_NOT_FOUND
WHERE SERVICE_NAME='Bulk SMS'
--------------

Query OK, 0 rows affected (0.01 sec)
Records: 0  Duplicates: 0  Warnings: 0

--------------
UPDATE nexg_hunt.CUSTOMER_MST A, sms_cdrs.CRM_RATE_MST B SET A.SALES_EMP_NAME=B.EMPLOYEE_NAME,A.EMPLOYEE_EMAILID=B.EMPLOYEE_EMAILID WHERE A.CUSTOMER_CODE=B.CUSTOMER_CODE
--------------

Query OK, 0 rows affected (0.00 sec)
Rows matched: 207  Changed: 0  Warnings: 0

--------------
UPDATE nexg_hunt.CUSTOMER_MST A, nexg_hunt.CITY_NAME B SET A.ZONE=B.ZONE,A.STATE=B.STATE WHERE A.STATE=B.NAME_SHORT AND A.ZONE IS NULL
--------------

Query OK, 0 rows affected (1.76 sec)
Rows matched: 0  Changed: 0  Warnings: 0

--------------
UPDATE nexg_hunt.SUBSCRIPTION_MST A,(SELECT DISTINCT USER_NAME,PLATFORM FROM sms_cdrs.DAILY_SUMMARY) B SET A.PLATFORM=B.PLATFORM WHERE A.USER_NAME=B.USER_NAME
--------------

Query OK, 1 row affected (0.25 sec)
Rows matched: 680  Changed: 1  Warnings: 0

--------------
UPDATE nexg_hunt.SUBSCRIPTION_MST_BKP A,(SELECT DISTINCT USER_NAME,PLATFORM FROM sms_cdrs.DAILY_SUMMARY) B SET A.PLATFORM=B.PLATFORM WHERE A.USER_NAME=B.USER_NAME
--------------

Query OK, 3 rows affected (0.10 sec)
Rows matched: 921  Changed: 3  Warnings: 0

--------------
UPDATE nexg_hunt.CUSTOMER_MST A, sms_cdrs.CRM_RATE_MST B SET A.CUSTOMER_NAME=B.CUSTOMER_NAME WHERE A.CUSTOMER_CODE=B.CUSTOMER_CODE
--------------

Query OK, 0 rows affected (0.01 sec)
Rows matched: 207  Changed: 0  Warnings: 0

Bye

Wed Oct 16 04:00:04 IST 2024 EndDateTime
3 Sec

